#
# There is insufficient memory for the Java Runtime Environment to continue.
# Native memory allocation (mmap) failed to map 41943040 bytes for committing reserved memory.
# Possible reasons:
#   The system is out of physical RAM or swap space
#   In 32 bit mode, the process size limit was hit
# Possible solutions:
#   Reduce memory load on the system
#   Increase physical memory or swap space
#   Check if swap backing store is full
#   Use 64 bit Java on a 64 bit OS
#   Decrease Java heap size (-Xmx/-Xms)
#   Decrease number of Java threads
#   Decrease Java thread stack sizes (-Xss)
#   Set larger code cache with -XX:ReservedCodeCacheSize=
# This output file may be truncated or incomplete.
#
#  Out of Memory Error (os_linux.cpp:2627), pid=13631, tid=0x00007fe2a598e700
#
# JRE version: Java(TM) SE Runtime Environment (8.0_101-b13) (build 1.8.0_101-b13)
# Java VM: Java HotSpot(TM) 64-Bit Server VM (25.101-b13 mixed mode linux-amd64 compressed oops)
# Failed to write core dump. Core dumps have been disabled. To enable core dumping, try "ulimit -c unlimited" before starting Java again
#

---------------  T H R E A D  ---------------

Current thread (0x00007fe2b8073800):  VMThread [stack: 0x00007fe2a588e000,0x00007fe2a598f000] [id=13637]

Stack: [0x00007fe2a588e000,0x00007fe2a598f000],  sp=0x00007fe2a598d060,  free space=1020k
Native frames: (J=compiled Java code, j=interpreted, Vv=VM code, C=native code)
V  [libjvm.so+0xac3f0a]  VMError::report_and_die()+0x2ba
V  [libjvm.so+0x4fbf9b]  report_vm_out_of_memory(char const*, int, unsigned long, VMErrorType, char const*)+0x8b
V  [libjvm.so+0x9222d3]  os::Linux::commit_memory_impl(char*, unsigned long, bool)+0x103
V  [libjvm.so+0x922829]  os::pd_commit_memory(char*, unsigned long, unsigned long, bool)+0x29
V  [libjvm.so+0x91cb2a]  os::commit_memory(char*, unsigned long, unsigned long, bool)+0x2a
V  [libjvm.so+0x991053]  PSVirtualSpace::expand_by(unsigned long)+0x53
V  [libjvm.so+0x992458]  PSYoungGen::resize_generation(unsigned long, unsigned long)+0xf8
V  [libjvm.so+0x9915b2]  PSYoungGen::resize(unsigned long, unsigned long)+0x22
V  [libjvm.so+0x98e88b]  PSScavenge::invoke_no_policy()+0xf3b
V  [libjvm.so+0x98f011]  PSScavenge::invoke()+0x41
V  [libjvm.so+0x945fc0]  ParallelScavengeHeap::failed_mem_allocate(unsigned long)+0x70
V  [libjvm.so+0xac5927]  VM_ParallelGCFailedAllocation::doit()+0x97
V  [libjvm.so+0xacd405]  VM_Operation::evaluate()+0x55
V  [libjvm.so+0xacb7da]  VMThread::evaluate_operation(VM_Operation*)+0xba
V  [libjvm.so+0xacbb5e]  VMThread::loop()+0x1ce
V  [libjvm.so+0xacbfd0]  VMThread::run()+0x70
V  [libjvm.so+0x924698]  java_start(Thread*)+0x108

VM_Operation (0x00007fe2a42745e0): ParallelGCFailedAllocation, mode: safepoint, requested by thread 0x00007fe2b86a5000


---------------  P R O C E S S  ---------------

Java Threads: ( => current thread )
  0x00007fe2b869e800 JavaThread "Thread-1" daemon [_thread_blocked, id=13651, stack(0x00007fe277eff000,0x00007fe278000000)]
  0x00007fe2b86a6000 JavaThread "Thread-3" daemon [_thread_blocked, id=13650, stack(0x00007fe2a4074000,0x00007fe2a4175000)]
  0x00007fe2b86a5000 JavaThread "Thread-2" daemon [_thread_blocked, id=13649, stack(0x00007fe2a4175000,0x00007fe2a4276000)]
  0x00007fe2b8554000 JavaThread "process reaper" daemon [_thread_in_native, id=13646, stack(0x00007fe2a48ac000,0x00007fe2a48e5000)]
  0x00007fe2b80bb000 JavaThread "Service Thread" daemon [_thread_blocked, id=13643, stack(0x00007fe2a4e8e000,0x00007fe2a4f8f000)]
  0x00007fe2b80b8000 JavaThread "C1 CompilerThread1" daemon [_thread_blocked, id=13642, stack(0x00007fe2a4f8f000,0x00007fe2a5090000)]
  0x00007fe2b80b5800 JavaThread "C2 CompilerThread0" daemon [_thread_blocked, id=13641, stack(0x00007fe2a5090000,0x00007fe2a5191000)]
  0x00007fe2b80b4000 JavaThread "Signal Dispatcher" daemon [_thread_blocked, id=13640, stack(0x00007fe2a5191000,0x00007fe2a5292000)]
  0x00007fe2b8080000 JavaThread "Finalizer" daemon [_thread_blocked, id=13639, stack(0x00007fe2a568c000,0x00007fe2a578d000)]
  0x00007fe2b807b800 JavaThread "Reference Handler" daemon [_thread_blocked, id=13638, stack(0x00007fe2a578d000,0x00007fe2a588e000)]
  0x00007fe2b800a000 JavaThread "main" [_thread_blocked, id=13634, stack(0x00007fe2be2da000,0x00007fe2be3db000)]

Other Threads:
=>0x00007fe2b8073800 VMThread [stack: 0x00007fe2a588e000,0x00007fe2a598f000] [id=13637]
  0x00007fe2b80be000 WatcherThread [stack: 0x00007fe2a4d8d000,0x00007fe2a4e8e000] [id=13644]

VM state:at safepoint (normal execution)

VM Mutex/Monitor currently owned by a thread:  ([mutex/lock_event])
[0x00007fe2b80062e0] Threads_lock - owner thread: 0x00007fe2b8073800
[0x00007fe2b80067e0] Heap_lock - owner thread: 0x00007fe2b86a5000

Heap:
 PSYoungGen      total 33792K, used 1024K [0x00000000f6300000, 0x00000000f8500000, 0x0000000100000000)
  eden space 32768K, 0% used [0x00000000f6300000,0x00000000f6300000,0x00000000f8300000)
  from space 1024K, 100% used [0x00000000f8300000,0x00000000f8400000,0x00000000f8400000)
  to   space 1024K, 0% used [0x00000000f8400000,0x00000000f8400000,0x00000000f8500000)
 ParOldGen       total 20480K, used 9917K [0x00000000e2800000, 0x00000000e3c00000, 0x00000000f6300000)
  object space 20480K, 48% used [0x00000000e2800000,0x00000000e31af798,0x00000000e3c00000)
 Metaspace       used 13893K, capacity 14248K, committed 14464K, reserved 1062912K
  class space    used 1702K, capacity 1827K, committed 1920K, reserved 1048576K

Card table byte_map: [0x00007fe2a7ed1000,0x00007fe2a7fbe000] byte_map_base: 0x00007fe2a77bd000

Marking Bits: (ParMarkBitMap*) 0x00007fe2bd7b4120
 Begin Bits: [0x00007fe2a6e0f000, 0x00007fe2a756f000)
 End Bits:   [0x00007fe2a756f000, 0x00007fe2a7ccf000)

Polling page: 0x00007fe2be3fd000

CodeCache: size=245760Kb used=5822Kb max_used=5829Kb free=239937Kb
 bounds [0x00007fe2a837e000, 0x00007fe2a893e000, 0x00007fe2b737e000]
 total_blobs=2094 nmethods=1762 adapters=246
 compilation: enabled

Compilation events (10 events):
Event: 12,386 Thread 0x00007fe2b80b8000 1782       1       java.lang.ProcessEnvironment$ExternalData::getBytes (5 bytes)
Event: 12,386 Thread 0x00007fe2b80b8000 nmethod 1782 0x00007fe2a892b4d0 code [0x00007fe2a892b620, 0x00007fe2a892b730]
Event: 12,448 Thread 0x00007fe2b80b8000 1783       3       org.codehaus.plexus.classworlds.strategy.SelfFirstStrategy::loadClass (50 bytes)
Event: 12,450 Thread 0x00007fe2b80b8000 nmethod 1783 0x00007fe2a892a150 code [0x00007fe2a892a380, 0x00007fe2a892aff8]
Event: 12,450 Thread 0x00007fe2b80b8000 1784   !   3       org.codehaus.plexus.classworlds.realm.ClassRealm::loadClassFromImport (21 bytes)
Event: 12,451 Thread 0x00007fe2b80b8000 nmethod 1784 0x00007fe2a8929b50 code [0x00007fe2a8929ce0, 0x00007fe2a892a038]
Event: 12,472 Thread 0x00007fe2b80b8000 1786   !   3       java.nio.charset.Charset::defaultCharset (65 bytes)
Event: 12,487 Thread 0x00007fe2b80b8000 nmethod 1786 0x00007fe2a8928d90 code [0x00007fe2a8928f80, 0x00007fe2a8929738]
Event: 12,487 Thread 0x00007fe2b80b8000 1787       3       java.lang.ProcessEnvironment$ExternalData::<init> (15 bytes)
Event: 12,487 Thread 0x00007fe2b80b8000 nmethod 1787 0x00007fe2a8928990 code [0x00007fe2a8928b00, 0x00007fe2a8928cd0]

GC Heap History (9 events):
Event: 2,187 GC heap before
{Heap before GC invocations=1 (full 0):
 PSYoungGen      total 9216K, used 8192K [0x00000000f6300000, 0x00000000f6d00000, 0x0000000100000000)
  eden space 8192K, 100% used [0x00000000f6300000,0x00000000f6b00000,0x00000000f6b00000)
  from space 1024K, 0% used [0x00000000f6c00000,0x00000000f6c00000,0x00000000f6d00000)
  to   space 1024K, 0% used [0x00000000f6b00000,0x00000000f6b00000,0x00000000f6c00000)
 ParOldGen       total 20480K, used 0K [0x00000000e2800000, 0x00000000e3c00000, 0x00000000f6300000)
  object space 20480K, 0% used [0x00000000e2800000,0x00000000e2800000,0x00000000e3c00000)
 Metaspace       used 5463K, capacity 5932K, committed 6144K, reserved 1056768K
  class space    used 641K, capacity 728K, committed 768K, reserved 1048576K
Event: 2,292 GC heap after
Heap after GC invocations=1 (full 0):
 PSYoungGen      total 9216K, used 1024K [0x00000000f6300000, 0x00000000f7500000, 0x0000000100000000)
  eden space 8192K, 0% used [0x00000000f6300000,0x00000000f6300000,0x00000000f6b00000)
  from space 1024K, 100% used [0x00000000f6b00000,0x00000000f6c00000,0x00000000f6c00000)
  to   space 1024K, 0% used [0x00000000f7400000,0x00000000f7400000,0x00000000f7500000)
 ParOldGen       total 20480K, used 1151K [0x00000000e2800000, 0x00000000e3c00000, 0x00000000f6300000)
  object space 20480K, 5% used [0x00000000e2800000,0x00000000e291fc88,0x00000000e3c00000)
 Metaspace       used 5463K, capacity 5932K, committed 6144K, reserved 1056768K
  class space    used 641K, capacity 728K, committed 768K, reserved 1048576K
}
Event: 3,126 GC heap before
{Heap before GC invocations=2 (full 0):
 PSYoungGen      total 9216K, used 9216K [0x00000000f6300000, 0x00000000f7500000, 0x0000000100000000)
  eden space 8192K, 100% used [0x00000000f6300000,0x00000000f6b00000,0x00000000f6b00000)
  from space 1024K, 100% used [0x00000000f6b00000,0x00000000f6c00000,0x00000000f6c00000)
  to   space 1024K, 0% used [0x00000000f7400000,0x00000000f7400000,0x00000000f7500000)
 ParOldGen       total 20480K, used 1151K [0x00000000e2800000, 0x00000000e3c00000, 0x00000000f6300000)
  object space 20480K, 5% used [0x00000000e2800000,0x00000000e291fc88,0x00000000e3c00000)
 Metaspace       used 6683K, capacity 6812K, committed 7040K, reserved 1056768K
  class space    used 826K, capacity 888K, committed 896K, reserved 1048576K
Event: 3,140 GC heap after
Heap after GC invocations=2 (full 0):
 PSYoungGen      total 17408K, used 1008K [0x00000000f6300000, 0x00000000f7500000, 0x0000000100000000)
  eden space 16384K, 0% used [0x00000000f6300000,0x00000000f6300000,0x00000000f7300000)
  from space 1024K, 98% used [0x00000000f7400000,0x00000000f74fc010,0x00000000f7500000)
  to   space 1024K, 0% used [0x00000000f7300000,0x00000000f7300000,0x00000000f7400000)
 ParOldGen       total 20480K, used 2150K [0x00000000e2800000, 0x00000000e3c00000, 0x00000000f6300000)
  object space 20480K, 10% used [0x00000000e2800000,0x00000000e2a19a98,0x00000000e3c00000)
 Metaspace       used 6683K, capacity 6812K, committed 7040K, reserved 1056768K
  class space    used 826K, capacity 888K, committed 896K, reserved 1048576K
}
Event: 4,679 GC heap before
{Heap before GC invocations=3 (full 0):
 PSYoungGen      total 17408K, used 17392K [0x00000000f6300000, 0x00000000f7500000, 0x0000000100000000)
  eden space 16384K, 100% used [0x00000000f6300000,0x00000000f7300000,0x00000000f7300000)
  from space 1024K, 98% used [0x00000000f7400000,0x00000000f74fc010,0x00000000f7500000)
  to   space 1024K, 0% used [0x00000000f7300000,0x00000000f7300000,0x00000000f7400000)
 ParOldGen       total 20480K, used 2150K [0x00000000e2800000, 0x00000000e3c00000, 0x00000000f6300000)
  object space 20480K, 10% used [0x00000000e2800000,0x00000000e2a19a98,0x00000000e3c00000)
 Metaspace       used 7886K, capacity 8008K, committed 8320K, reserved 1056768K
  class space    used 1001K, capacity 1050K, committed 1152K, reserved 1048576K
Event: 4,691 GC heap after
Heap after GC invocations=3 (full 0):
 PSYoungGen      total 17408K, used 992K [0x00000000f6300000, 0x00000000f8500000, 0x0000000100000000)
  eden space 16384K, 0% used [0x00000000f6300000,0x00000000f6300000,0x00000000f7300000)
  from space 1024K, 96% used [0x00000000f7300000,0x00000000f73f8020,0x00000000f7400000)
  to   space 1024K, 0% used [0x00000000f8400000,0x00000000f8400000,0x00000000f8500000)
 ParOldGen       total 20480K, used 3835K [0x00000000e2800000, 0x00000000e3c00000, 0x00000000f6300000)
  object space 20480K, 18% used [0x00000000e2800000,0x00000000e2bbef50,0x00000000e3c00000)
 Metaspace       used 7886K, capacity 8008K, committed 8320K, reserved 1056768K
  class space    used 1001K, capacity 1050K, committed 1152K, reserved 1048576K
}
Event: 6,064 GC heap before
{Heap before GC invocations=4 (full 0):
 PSYoungGen      total 17408K, used 17376K [0x00000000f6300000, 0x00000000f8500000, 0x0000000100000000)
  eden space 16384K, 100% used [0x00000000f6300000,0x00000000f7300000,0x00000000f7300000)
  from space 1024K, 96% used [0x00000000f7300000,0x00000000f73f8020,0x00000000f7400000)
  to   space 1024K, 0% used [0x00000000f8400000,0x00000000f8400000,0x00000000f8500000)
 ParOldGen       total 20480K, used 3835K [0x00000000e2800000, 0x00000000e3c00000, 0x00000000f6300000)
  object space 20480K, 18% used [0x00000000e2800000,0x00000000e2bbef50,0x00000000e3c00000)
 Metaspace       used 9861K, capacity 10012K, committed 10112K, reserved 1058816K
  class space    used 1252K, capacity 1309K, committed 1408K, reserved 1048576K
Event: 6,112 GC heap after
Heap after GC invocations=4 (full 0):
 PSYoungGen      total 33792K, used 1024K [0x00000000f6300000, 0x00000000f8500000, 0x0000000100000000)
  eden space 32768K, 0% used [0x00000000f6300000,0x00000000f6300000,0x00000000f8300000)
  from space 1024K, 100% used [0x00000000f8400000,0x00000000f8500000,0x00000000f8500000)
  to   space 1024K, 0% used [0x00000000f8300000,0x00000000f8300000,0x00000000f8400000)
 ParOldGen       total 20480K, used 6245K [0x00000000e2800000, 0x00000000e3c00000, 0x00000000f6300000)
  object space 20480K, 30% used [0x00000000e2800000,0x00000000e2e19740,0x00000000e3c00000)
 Metaspace       used 9861K, capacity 10012K, committed 10112K, reserved 1058816K
  class space    used 1252K, capacity 1309K, committed 1408K, reserved 1048576K
}
Event: 12,671 GC heap before
{Heap before GC invocations=5 (full 0):
 PSYoungGen      total 33792K, used 33792K [0x00000000f6300000, 0x00000000f8500000, 0x0000000100000000)
  eden space 32768K, 100% used [0x00000000f6300000,0x00000000f8300000,0x00000000f8300000)
  from space 1024K, 100% used [0x00000000f8400000,0x00000000f8500000,0x00000000f8500000)
  to   space 1024K, 0% used [0x00000000f8300000,0x00000000f8300000,0x00000000f8400000)
 ParOldGen       total 20480K, used 6245K [0x00000000e2800000, 0x00000000e3c00000, 0x00000000f6300000)
  object space 20480K, 30% used [0x00000000e2800000,0x00000000e2e19740,0x00000000e3c00000)
 Metaspace       used 13893K, capacity 14248K, committed 14464K, reserved 1062912K
  class space    used 1702K, capacity 1827K, committed 1920K, reserved 1048576K

Deoptimization events (10 events):
Event: 4,641 Thread 0x00007fe2b800a000 Uncommon trap: reason=class_check action=maybe_recompile pc=0x00007fe2a863d648 method=java.lang.reflect.Executable.getAnnotation(Ljava/lang/Class;)Ljava/lang/annotation/Annotation; @ 11
Event: 6,492 Thread 0x00007fe2b800a000 Uncommon trap: reason=unstable_if action=reinterpret pc=0x00007fe2a85eb4cc method=org.codehaus.plexus.util.xml.pull.MXParser.nextImpl()I @ 269
Event: 7,904 Thread 0x00007fe2b800a000 Uncommon trap: reason=class_check action=maybe_recompile pc=0x00007fe2a867074c method=java.util.HashMap.putVal(ILjava/lang/Object;Ljava/lang/Object;ZZ)Ljava/lang/Object; @ 203
Event: 7,906 Thread 0x00007fe2b800a000 Uncommon trap: reason=class_check action=maybe_recompile pc=0x00007fe2a867074c method=java.util.HashMap.putVal(ILjava/lang/Object;Ljava/lang/Object;ZZ)Ljava/lang/Object; @ 203
Event: 8,166 Thread 0x00007fe2b800a000 Uncommon trap: reason=unstable_if action=reinterpret pc=0x00007fe2a86f6ea8 method=java.util.HashMap.hash(Ljava/lang/Object;)I @ 1
Event: 8,171 Thread 0x00007fe2b800a000 Uncommon trap: reason=unstable_if action=reinterpret pc=0x00007fe2a86b40e8 method=java.util.HashMap.hash(Ljava/lang/Object;)I @ 1
Event: 8,185 Thread 0x00007fe2b800a000 Uncommon trap: reason=unstable_if action=reinterpret pc=0x00007fe2a867076c method=java.util.HashMap.hash(Ljava/lang/Object;)I @ 1
Event: 10,607 Thread 0x00007fe2b800a000 Uncommon trap: reason=unstable_if action=reinterpret pc=0x00007fe2a877f850 method=sun.nio.cs.UTF_8$Decoder.decode([BII[C)I @ 30
Event: 10,608 Thread 0x00007fe2b800a000 Uncommon trap: reason=unstable_if action=reinterpret pc=0x00007fe2a85e7f1c method=sun.nio.cs.UTF_8$Decoder.decodeArrayLoop(Ljava/nio/ByteBuffer;Ljava/nio/CharBuffer;)Ljava/nio/charset/CoderResult; @ 84
Event: 10,801 Thread 0x00007fe2b800a000 Uncommon trap: reason=unstable_if action=reinterpret pc=0x00007fe2a86a3b04 method=sun.nio.cs.UTF_8$Decoder.decode([BII[C)I @ 30

Internal exceptions (10 events):
Event: 3,684 Thread 0x00007fe2b800a000 Exception <a 'java/lang/ArrayIndexOutOfBoundsException'> (0x00000000f6ce1dc8) thrown at [/HUDSON3/workspace/8-2-build-linux-amd64/jdk8u101/7261/hotspot/src/share/vm/runtime/sharedRuntime.cpp, line 605]
Event: 4,378 Thread 0x00007fe2b800a000 Exception <a 'java/lang/NoClassDefFoundError': org/slf4j/Logger> (0x00000000f714f980) thrown at [/HUDSON3/workspace/8-2-build-linux-amd64/jdk8u101/7261/hotspot/src/share/vm/classfile/systemDictionary.cpp, line 199]
Event: 4,740 Thread 0x00007fe2b800a000 Exception <a 'java/lang/NoClassDefFoundError': org/slf4j/LoggerFactory> (0x00000000f637af58) thrown at [/HUDSON3/workspace/8-2-build-linux-amd64/jdk8u101/7261/hotspot/src/share/vm/classfile/systemDictionary.cpp, line 199]
Event: 4,740 Thread 0x00007fe2b800a000 Exception <a 'java/lang/NoClassDefFoundError'> (0x00000000f637af58) thrown at [/HUDSON3/workspace/8-2-build-linux-amd64/jdk8u101/7261/hotspot/src/share/vm/oops/instanceKlass.cpp, line 964]
Event: 6,686 Thread 0x00007fe2b800a000 Exception <a 'java/lang/NoSuchFieldError': method resolution failed> (0x00000000f682e3d8) thrown at [/HUDSON3/workspace/8-2-build-linux-amd64/jdk8u101/7261/hotspot/src/share/vm/prims/methodHandles.cpp, line 1146]
Event: 6,708 Thread 0x00007fe2b800a000 Exception <a 'java/lang/NoSuchFieldError': method resolution failed> (0x00000000f683ba98) thrown at [/HUDSON3/workspace/8-2-build-linux-amd64/jdk8u101/7261/hotspot/src/share/vm/prims/methodHandles.cpp, line 1146]
Event: 8,166 Thread 0x00007fe2b800a000 Implicit null exception at 0x00007fe2a86f6cb5 to 0x00007fe2a86f6e99
Event: 8,171 Thread 0x00007fe2b800a000 Implicit null exception at 0x00007fe2a86b406f to 0x00007fe2a86b40d9
Event: 8,185 Thread 0x00007fe2b800a000 Implicit null exception at 0x00007fe2a867011b to 0x00007fe2a8670751
Event: 11,812 Thread 0x00007fe2b800a000 Exception <a 'java/lang/NoClassDefFoundError': org/slf4j/Logger> (0x00000000f8117870) thrown at [/HUDSON3/workspace/8-2-build-linux-amd64/jdk8u101/7261/hotspot/src/share/vm/oops/constantPool.cpp, line 235]

Events (10 events):
Event: 12,587 loading class org/apache/commons/exec/InputStreamPumper
Event: 12,587 loading class org/apache/commons/exec/InputStreamPumper done
Event: 12,588 loading class org/apache/commons/exec/StreamPumper
Event: 12,589 loading class org/apache/commons/exec/StreamPumper done
Event: 12,589 loading class org/apache/commons/exec/StreamPumper
Event: 12,589 loading class org/apache/commons/exec/StreamPumper done
Event: 12,607 Thread 0x00007fe2b86a5000 Thread added: 0x00007fe2b86a5000
Event: 12,608 Thread 0x00007fe2b86a6000 Thread added: 0x00007fe2b86a6000
Event: 12,608 Thread 0x00007fe2b869e800 Thread added: 0x00007fe2b869e800
Event: 12,640 Executing VM operation: ParallelGCFailedAllocation


Dynamic libraries:
00400000-00401000 r-xp 00000000 fc:01 2627670                            /usr/lib/jvm/java-8-oracle/bin/java
00600000-00601000 rw-p 00000000 fc:01 2627670                            /usr/lib/jvm/java-8-oracle/bin/java
022a6000-022c7000 rw-p 00000000 00:00 0                                  [heap]
e2800000-e3c00000 rw-p 00000000 00:00 0 
e3c00000-f6300000 ---p 00000000 00:00 0 
f6300000-f8500000 rw-p 00000000 00:00 0 
fad00000-100000000 ---p 00000000 00:00 0 
100000000-1001e0000 rw-p 00000000 00:00 0 
1001e0000-140000000 ---p 00000000 00:00 0 
7fe268000000-7fe268021000 rw-p 00000000 00:00 0 
7fe268021000-7fe26c000000 ---p 00000000 00:00 0 
7fe26c000000-7fe26c021000 rw-p 00000000 00:00 0 
7fe26c021000-7fe270000000 ---p 00000000 00:00 0 
7fe270000000-7fe270021000 rw-p 00000000 00:00 0 
7fe270021000-7fe274000000 ---p 00000000 00:00 0 
7fe277eff000-7fe277f02000 ---p 00000000 00:00 0 
7fe277f02000-7fe278000000 rw-p 00000000 00:00 0                          [stack:13651]
7fe278000000-7fe278021000 rw-p 00000000 00:00 0 
7fe278021000-7fe27c000000 ---p 00000000 00:00 0 
7fe27c000000-7fe27c021000 rw-p 00000000 00:00 0 
7fe27c021000-7fe280000000 ---p 00000000 00:00 0 
7fe280000000-7fe28055e000 rw-p 00000000 00:00 0 
7fe28055e000-7fe284000000 ---p 00000000 00:00 0 
7fe284000000-7fe284021000 rw-p 00000000 00:00 0 
7fe284021000-7fe288000000 ---p 00000000 00:00 0 
7fe288000000-7fe288021000 rw-p 00000000 00:00 0 
7fe288021000-7fe28c000000 ---p 00000000 00:00 0 
7fe28c000000-7fe28c5d1000 rw-p 00000000 00:00 0 
7fe28c5d1000-7fe290000000 ---p 00000000 00:00 0 
7fe290000000-7fe290021000 rw-p 00000000 00:00 0 
7fe290021000-7fe294000000 ---p 00000000 00:00 0 
7fe294000000-7fe294021000 rw-p 00000000 00:00 0 
7fe294021000-7fe298000000 ---p 00000000 00:00 0 
7fe298000000-7fe298021000 rw-p 00000000 00:00 0 
7fe298021000-7fe29c000000 ---p 00000000 00:00 0 
7fe29c000000-7fe29c28d000 rw-p 00000000 00:00 0 
7fe29c28d000-7fe2a0000000 ---p 00000000 00:00 0 
7fe2a0000000-7fe2a0021000 rw-p 00000000 00:00 0 
7fe2a0021000-7fe2a4000000 ---p 00000000 00:00 0 
7fe2a4073000-7fe2a4074000 rw-p 00000000 00:00 0 
7fe2a4074000-7fe2a4077000 ---p 00000000 00:00 0 
7fe2a4077000-7fe2a4175000 rw-p 00000000 00:00 0                          [stack:13650]
7fe2a4175000-7fe2a4178000 ---p 00000000 00:00 0 
7fe2a4178000-7fe2a42b6000 rw-p 00000000 00:00 0                          [stack:13649]
7fe2a42b6000-7fe2a4476000 ---p 00000000 00:00 0 
7fe2a4476000-7fe2a4478000 r--s 0000b000 fc:01 8782612                    /home/anna/.m2/repository/org/apache/commons/commons-exec/1.1/commons-exec-1.1.jar
7fe2a4478000-7fe2a447c000 r--s 00033000 fc:01 8651853                    /home/anna/.m2/repository/org/codehaus/plexus/plexus-utils/2.0.5/plexus-utils-2.0.5.jar
7fe2a447c000-7fe2a447e000 r--s 00002000 fc:01 8782744                    /home/anna/.m2/repository/org/codehaus/plexus/plexus-interactivity-api/1.0-alpha-4/plexus-interactivity-api-1.0-alpha-4.jar
7fe2a447e000-7fe2a4480000 r--s 00006000 fc:01 8782746                    /home/anna/.m2/repository/commons-cli/commons-cli/1.0/commons-cli-1.0.jar
7fe2a4480000-7fe2a4481000 r--s 00001000 fc:01 8782742                    /home/anna/.m2/repository/org/apache/maven/doxia/doxia-sink-api/1.0-alpha-7/doxia-sink-api-1.0-alpha-7.jar
7fe2a4481000-7fe2a4482000 r--s 00002000 fc:01 8782741                    /home/anna/.m2/repository/org/apache/maven/reporting/maven-reporting-api/2.0.6/maven-reporting-api-2.0.6.jar
7fe2a4482000-7fe2a4484000 r--s 00008000 fc:01 8782564                    /home/anna/.m2/repository/org/codehaus/mojo/exec-maven-plugin/1.2.1/exec-maven-plugin-1.2.1.jar
7fe2a4484000-7fe2a4495000 r-xp 00000000 fc:01 2760021                    /usr/lib/jvm/java-8-oracle/jre/lib/amd64/libnio.so
7fe2a4495000-7fe2a4694000 ---p 00011000 fc:01 2760021                    /usr/lib/jvm/java-8-oracle/jre/lib/amd64/libnio.so
7fe2a4694000-7fe2a4695000 rw-p 00010000 fc:01 2760021                    /usr/lib/jvm/java-8-oracle/jre/lib/amd64/libnio.so
7fe2a4695000-7fe2a46ab000 r-xp 00000000 fc:01 2760060                    /usr/lib/jvm/java-8-oracle/jre/lib/amd64/libnet.so
7fe2a46ab000-7fe2a48ab000 ---p 00016000 fc:01 2760060                    /usr/lib/jvm/java-8-oracle/jre/lib/amd64/libnet.so
7fe2a48ab000-7fe2a48ac000 rw-p 00016000 fc:01 2760060                    /usr/lib/jvm/java-8-oracle/jre/lib/amd64/libnet.so
7fe2a48ac000-7fe2a48af000 ---p 00000000 00:00 0 
7fe2a48af000-7fe2a48e5000 rw-p 00000000 00:00 0                          [stack:13646]
7fe2a48e5000-7fe2a48e6000 r--p 00000000 00:00 0 
7fe2a48e6000-7fe2a4ae6000 rw-p 00000000 00:00 0 
7fe2a4ae6000-7fe2a4aea000 r--s 00097000 fc:01 2627729                    /usr/lib/jvm/java-8-oracle/jre/lib/jsse.jar
7fe2a4aea000-7fe2a4cea000 rw-p 00000000 00:00 0 
7fe2a4cea000-7fe2a4cec000 r--s 0000c000 fc:01 8131652                    /home/anna/netbeans-8.1/java/maven-nblib/netbeans-eventspy.jar
7fe2a4cec000-7fe2a4cee000 r--s 00009000 fc:01 8131672                    /home/anna/netbeans-8.1/java/maven/lib/commons-cli-1.2.jar
7fe2a4cee000-7fe2a4d09000 r--s 000e4000 fc:01 8131637                    /home/anna/netbeans-8.1/java/maven/lib/wagon-http-2.4-shaded.jar
7fe2a4d09000-7fe2a4d15000 r--s 0007d000 fc:01 8131669                    /home/anna/netbeans-8.1/java/maven/lib/maven-core-3.0.5.jar
7fe2a4d15000-7fe2a4d18000 r--s 00008000 fc:01 8131528                    /home/anna/netbeans-8.1/java/maven/lib/maven-settings-builder-3.0.5.jar
7fe2a4d18000-7fe2a4d37000 r--s 00154000 fc:01 8131670                    /home/anna/netbeans-8.1/java/maven/lib/sisu-guava-0.9.9.jar
7fe2a4d37000-7fe2a4d38000 r--s 0000a000 fc:01 8131643                    /home/anna/netbeans-8.1/java/maven/lib/maven-embedder-3.0.5.jar
7fe2a4d38000-7fe2a4d3a000 r--s 00006000 fc:01 8131432                    /home/anna/netbeans-8.1/java/maven/lib/maven-repository-metadata-3.0.5.jar
7fe2a4d3a000-7fe2a4d40000 r--s 0003f000 fc:01 8131658                    /home/anna/netbeans-8.1/java/maven/lib/maven-compat-3.0.5.jar
7fe2a4d40000-7fe2a4d42000 r--s 0000b000 fc:01 8131627                    /home/anna/netbeans-8.1/java/maven/lib/wagon-provider-api-2.4.jar
7fe2a4d42000-7fe2a4d44000 r--s 00002000 fc:01 8131662                    /home/anna/netbeans-8.1/java/maven/lib/plexus-cipher-1.7.jar
7fe2a4d44000-7fe2a4d47000 r--s 0001d000 fc:01 8131656                    /home/anna/netbeans-8.1/java/maven/lib/aether-impl-1.13.1.jar
7fe2a4d47000-7fe2a4d49000 r--s 00006000 fc:01 8131499                    /home/anna/netbeans-8.1/java/maven/lib/aether-connector-wagon-1.13.1.jar
7fe2a4d49000-7fe2a4d4d000 r--s 00013000 fc:01 8131663                    /home/anna/netbeans-8.1/java/maven/lib/aether-api-1.13.1.jar
7fe2a4d4d000-7fe2a4d51000 r--s 00021000 fc:01 8131581                    /home/anna/netbeans-8.1/java/maven/lib/maven-model-builder-3.0.5.jar
7fe2a4d51000-7fe2a4d53000 r--s 0000b000 fc:01 8131642                    /home/anna/netbeans-8.1/java/maven/lib/maven-artifact-3.0.5.jar
7fe2a4d53000-7fe2a4d55000 r--s 0000c000 fc:01 8131546                    /home/anna/netbeans-8.1/java/maven/lib/maven-aether-provider-3.0.5.jar
7fe2a4d55000-7fe2a4d57000 r--s 0000b000 fc:01 8131628                    /home/anna/netbeans-8.1/java/maven/lib/maven-plugin-api-3.0.5.jar
7fe2a4d57000-7fe2a4d59000 r--s 0000a000 fc:01 8131644                    /home/anna/netbeans-8.1/java/maven/lib/maven-settings-3.0.5.jar
7fe2a4d59000-7fe2a4d5d000 r--s 00033000 fc:01 8131655                    /home/anna/netbeans-8.1/java/maven/lib/plexus-utils-2.0.6.jar
7fe2a4d5d000-7fe2a4d5f000 r--s 0000d000 fc:01 8131585                    /home/anna/netbeans-8.1/java/maven/lib/plexus-interpolation-1.14.jar
7fe2a4d5f000-7fe2a4d8d000 r--s 001c9000 fc:01 8131584                    /home/anna/netbeans-8.1/java/maven/lib/ext/wagon-http-2.8-shaded.jar
7fe2a4d8d000-7fe2a4d8e000 ---p 00000000 00:00 0 
7fe2a4d8e000-7fe2a4e8e000 rw-p 00000000 00:00 0                          [stack:13644]
7fe2a4e8e000-7fe2a4e91000 ---p 00000000 00:00 0 
7fe2a4e91000-7fe2a4f8f000 rw-p 00000000 00:00 0                          [stack:13643]
7fe2a4f8f000-7fe2a4f92000 ---p 00000000 00:00 0 
7fe2a4f92000-7fe2a5090000 rw-p 00000000 00:00 0                          [stack:13642]
7fe2a5090000-7fe2a5093000 ---p 00000000 00:00 0 
7fe2a5093000-7fe2a5191000 rw-p 00000000 00:00 0                          [stack:13641]
7fe2a5191000-7fe2a5194000 ---p 00000000 00:00 0 
7fe2a5194000-7fe2a5292000 rw-p 00000000 00:00 0                          [stack:13640]
7fe2a5292000-7fe2a568c000 r--p 00000000 fc:01 2366246                    /usr/lib/locale/locale-archive
7fe2a568c000-7fe2a568f000 ---p 00000000 00:00 0 
7fe2a568f000-7fe2a578d000 rw-p 00000000 00:00 0                          [stack:13639]
7fe2a578d000-7fe2a5790000 ---p 00000000 00:00 0 
7fe2a5790000-7fe2a588e000 rw-p 00000000 00:00 0                          [stack:13638]
7fe2a588e000-7fe2a588f000 ---p 00000000 00:00 0 
7fe2a588f000-7fe2a634a000 rw-p 00000000 00:00 0                          [stack:13637]
7fe2a634a000-7fe2a6523000 r--s 03d29000 fc:01 2627688                    /usr/lib/jvm/java-8-oracle/jre/lib/rt.jar
7fe2a6523000-7fe2a7ccf000 rw-p 00000000 00:00 0 
7fe2a7ccf000-7fe2a7cd0000 ---p 00000000 00:00 0 
7fe2a7cd0000-7fe2a7dd0000 rw-p 00000000 00:00 0                          [stack:13636]
7fe2a7dd0000-7fe2a7dd1000 ---p 00000000 00:00 0 
7fe2a7dd1000-7fe2a7edb000 rw-p 00000000 00:00 0                          [stack:13635]
7fe2a7edb000-7fe2a7f6e000 ---p 00000000 00:00 0 
7fe2a7f6e000-7fe2a7f80000 rw-p 00000000 00:00 0 
7fe2a7f80000-7fe2a7fbd000 ---p 00000000 00:00 0 
7fe2a7fbd000-7fe2a7fd5000 rw-p 00000000 00:00 0 
7fe2a7fd5000-7fe2a837e000 ---p 00000000 00:00 0 
7fe2a837e000-7fe2a893e000 rwxp 00000000 00:00 0 
7fe2a893e000-7fe2b737e000 ---p 00000000 00:00 0 
7fe2b737e000-7fe2b7398000 r-xp 00000000 fc:01 2760163                    /usr/lib/jvm/java-8-oracle/jre/lib/amd64/libzip.so
7fe2b7398000-7fe2b7598000 ---p 0001a000 fc:01 2760163                    /usr/lib/jvm/java-8-oracle/jre/lib/amd64/libzip.so
7fe2b7598000-7fe2b7599000 rw-p 0001a000 fc:01 2760163                    /usr/lib/jvm/java-8-oracle/jre/lib/amd64/libzip.so
7fe2b7599000-7fe2b75a3000 r-xp 00000000 fc:01 8262943                    /lib/x86_64-linux-gnu/libnss_files-2.19.so
7fe2b75a3000-7fe2b77a2000 ---p 0000a000 fc:01 8262943                    /lib/x86_64-linux-gnu/libnss_files-2.19.so
7fe2b77a2000-7fe2b77a3000 r--p 00009000 fc:01 8262943                    /lib/x86_64-linux-gnu/libnss_files-2.19.so
7fe2b77a3000-7fe2b77a4000 rw-p 0000a000 fc:01 8262943                    /lib/x86_64-linux-gnu/libnss_files-2.19.so
7fe2b77a4000-7fe2b77af000 r-xp 00000000 fc:01 8262935                    /lib/x86_64-linux-gnu/libnss_nis-2.19.so
7fe2b77af000-7fe2b79ae000 ---p 0000b000 fc:01 8262935                    /lib/x86_64-linux-gnu/libnss_nis-2.19.so
7fe2b79ae000-7fe2b79af000 r--p 0000a000 fc:01 8262935                    /lib/x86_64-linux-gnu/libnss_nis-2.19.so
7fe2b79af000-7fe2b79b0000 rw-p 0000b000 fc:01 8262935                    /lib/x86_64-linux-gnu/libnss_nis-2.19.so
7fe2b79b0000-7fe2b79c7000 r-xp 00000000 fc:01 8262931                    /lib/x86_64-linux-gnu/libnsl-2.19.so
7fe2b79c7000-7fe2b7bc6000 ---p 00017000 fc:01 8262931                    /lib/x86_64-linux-gnu/libnsl-2.19.so
7fe2b7bc6000-7fe2b7bc7000 r--p 00016000 fc:01 8262931                    /lib/x86_64-linux-gnu/libnsl-2.19.so
7fe2b7bc7000-7fe2b7bc8000 rw-p 00017000 fc:01 8262931                    /lib/x86_64-linux-gnu/libnsl-2.19.so
7fe2b7bc8000-7fe2b7bca000 rw-p 00000000 00:00 0 
7fe2b7bca000-7fe2b7bd3000 r-xp 00000000 fc:01 8262930                    /lib/x86_64-linux-gnu/libnss_compat-2.19.so
7fe2b7bd3000-7fe2b7dd2000 ---p 00009000 fc:01 8262930                    /lib/x86_64-linux-gnu/libnss_compat-2.19.so
7fe2b7dd2000-7fe2b7dd3000 r--p 00008000 fc:01 8262930                    /lib/x86_64-linux-gnu/libnss_compat-2.19.so
7fe2b7dd3000-7fe2b7dd4000 rw-p 00009000 fc:01 8262930                    /lib/x86_64-linux-gnu/libnss_compat-2.19.so
7fe2b7dd4000-7fe2b7dfe000 r-xp 00000000 fc:01 2760015                    /usr/lib/jvm/java-8-oracle/jre/lib/amd64/libjava.so
7fe2b7dfe000-7fe2b7ffe000 ---p 0002a000 fc:01 2760015                    /usr/lib/jvm/java-8-oracle/jre/lib/amd64/libjava.so
7fe2b7ffe000-7fe2b8000000 rw-p 0002a000 fc:01 2760015                    /usr/lib/jvm/java-8-oracle/jre/lib/amd64/libjava.so
7fe2b8000000-7fe2b86b3000 rw-p 00000000 00:00 0 
7fe2b86b3000-7fe2bc000000 ---p 00000000 00:00 0 
7fe2bc000000-7fe2bc001000 r--s 00006000 fc:01 8131582                    /home/anna/netbeans-8.1/java/maven/lib/plexus-sec-dispatcher-1.3.jar
7fe2bc001000-7fe2bc003000 r--s 00026000 fc:01 8131661                    /home/anna/netbeans-8.1/java/maven/lib/maven-model-3.0.5.jar
7fe2bc003000-7fe2bc004000 r--s 00002000 fc:01 8131707                    /home/anna/netbeans-8.1/java/maven/lib/wagon-file-2.4.jar
7fe2bc004000-7fe2bc005000 r--s 00003000 fc:01 8131664                    /home/anna/netbeans-8.1/java/maven/lib/aether-spi-1.13.1.jar
7fe2bc005000-7fe2bc0d6000 rw-p 00000000 00:00 0 
7fe2bc0d6000-7fe2bc0e3000 r-xp 00000000 fc:01 2760045                    /usr/lib/jvm/java-8-oracle/jre/lib/amd64/libverify.so
7fe2bc0e3000-7fe2bc2e3000 ---p 0000d000 fc:01 2760045                    /usr/lib/jvm/java-8-oracle/jre/lib/amd64/libverify.so
7fe2bc2e3000-7fe2bc2e5000 rw-p 0000d000 fc:01 2760045                    /usr/lib/jvm/java-8-oracle/jre/lib/amd64/libverify.so
7fe2bc2e5000-7fe2bc2ec000 r-xp 00000000 fc:01 8262939                    /lib/x86_64-linux-gnu/librt-2.19.so
7fe2bc2ec000-7fe2bc4eb000 ---p 00007000 fc:01 8262939                    /lib/x86_64-linux-gnu/librt-2.19.so
7fe2bc4eb000-7fe2bc4ec000 r--p 00006000 fc:01 8262939                    /lib/x86_64-linux-gnu/librt-2.19.so
7fe2bc4ec000-7fe2bc4ed000 rw-p 00007000 fc:01 8262939                    /lib/x86_64-linux-gnu/librt-2.19.so
7fe2bc4ed000-7fe2bc5f2000 r-xp 00000000 fc:01 8262925                    /lib/x86_64-linux-gnu/libm-2.19.so
7fe2bc5f2000-7fe2bc7f1000 ---p 00105000 fc:01 8262925                    /lib/x86_64-linux-gnu/libm-2.19.so
7fe2bc7f1000-7fe2bc7f2000 r--p 00104000 fc:01 8262925                    /lib/x86_64-linux-gnu/libm-2.19.so
7fe2bc7f2000-7fe2bc7f3000 rw-p 00105000 fc:01 8262925                    /lib/x86_64-linux-gnu/libm-2.19.so
7fe2bc7f3000-7fe2bd4be000 r-xp 00000000 fc:01 2760030                    /usr/lib/jvm/java-8-oracle/jre/lib/amd64/server/libjvm.so
7fe2bd4be000-7fe2bd6bd000 ---p 00ccb000 fc:01 2760030                    /usr/lib/jvm/java-8-oracle/jre/lib/amd64/server/libjvm.so
7fe2bd6bd000-7fe2bd796000 rw-p 00cca000 fc:01 2760030                    /usr/lib/jvm/java-8-oracle/jre/lib/amd64/server/libjvm.so
7fe2bd796000-7fe2bd7e1000 rw-p 00000000 00:00 0 
7fe2bd7e1000-7fe2bd99b000 r-xp 00000000 fc:01 8262940                    /lib/x86_64-linux-gnu/libc-2.19.so
7fe2bd99b000-7fe2bdb9b000 ---p 001ba000 fc:01 8262940                    /lib/x86_64-linux-gnu/libc-2.19.so
7fe2bdb9b000-7fe2bdb9f000 r--p 001ba000 fc:01 8262940                    /lib/x86_64-linux-gnu/libc-2.19.so
7fe2bdb9f000-7fe2bdba1000 rw-p 001be000 fc:01 8262940                    /lib/x86_64-linux-gnu/libc-2.19.so
7fe2bdba1000-7fe2bdba6000 rw-p 00000000 00:00 0 
7fe2bdba6000-7fe2bdba9000 r-xp 00000000 fc:01 8262927                    /lib/x86_64-linux-gnu/libdl-2.19.so
7fe2bdba9000-7fe2bdda8000 ---p 00003000 fc:01 8262927                    /lib/x86_64-linux-gnu/libdl-2.19.so
7fe2bdda8000-7fe2bdda9000 r--p 00002000 fc:01 8262927                    /lib/x86_64-linux-gnu/libdl-2.19.so
7fe2bdda9000-7fe2bddaa000 rw-p 00003000 fc:01 8262927                    /lib/x86_64-linux-gnu/libdl-2.19.so
7fe2bddaa000-7fe2bddbf000 r-xp 00000000 fc:01 2369817                    /usr/lib/jvm/java-8-oracle/lib/amd64/jli/libjli.so
7fe2bddbf000-7fe2bdfbf000 ---p 00015000 fc:01 2369817                    /usr/lib/jvm/java-8-oracle/lib/amd64/jli/libjli.so
7fe2bdfbf000-7fe2bdfc0000 rw-p 00015000 fc:01 2369817                    /usr/lib/jvm/java-8-oracle/lib/amd64/jli/libjli.so
7fe2bdfc0000-7fe2bdfd9000 r-xp 00000000 fc:01 8262932                    /lib/x86_64-linux-gnu/libpthread-2.19.so
7fe2bdfd9000-7fe2be1d8000 ---p 00019000 fc:01 8262932                    /lib/x86_64-linux-gnu/libpthread-2.19.so
7fe2be1d8000-7fe2be1d9000 r--p 00018000 fc:01 8262932                    /lib/x86_64-linux-gnu/libpthread-2.19.so
7fe2be1d9000-7fe2be1da000 rw-p 00019000 fc:01 8262932                    /lib/x86_64-linux-gnu/libpthread-2.19.so
7fe2be1da000-7fe2be1de000 rw-p 00000000 00:00 0 
7fe2be1de000-7fe2be201000 r-xp 00000000 fc:01 8262933                    /lib/x86_64-linux-gnu/ld-2.19.so
7fe2be201000-7fe2be208000 r--s 0002b000 fc:01 8131604                    /home/anna/netbeans-8.1/java/maven/lib/sisu-inject-plexus-2.3.0.jar
7fe2be208000-7fe2be20c000 r--s 0001c000 fc:01 8131657                    /home/anna/netbeans-8.1/java/maven/lib/aether-util-1.13.1.jar
7fe2be20c000-7fe2be214000 r--s 00050000 fc:01 8131615                    /home/anna/netbeans-8.1/java/maven/lib/sisu-guice-3.1.0-no_aop.jar
7fe2be214000-7fe2be246000 rw-p 00000000 00:00 0 
7fe2be246000-7fe2be2da000 ---p 00000000 00:00 0 
7fe2be2da000-7fe2be2dd000 ---p 00000000 00:00 0 
7fe2be2dd000-7fe2be3df000 rw-p 00000000 00:00 0                          [stack:13634]
7fe2be3df000-7fe2be3e6000 r--s 0003f000 fc:01 8131629                    /home/anna/netbeans-8.1/java/maven/lib/sisu-inject-bean-2.3.0.jar
7fe2be3e6000-7fe2be3e8000 r--s 00000000 fc:01 8131311                    /home/anna/netbeans-8.1/java/maven/lib/plexus-component-annotations-1.5.5.jar
7fe2be3e8000-7fe2be3ea000 r--s 0000a000 fc:01 8131617                    /home/anna/netbeans-8.1/java/maven/boot/plexus-classworlds-2.4.jar
7fe2be3ea000-7fe2be3f4000 rw-p 00000000 00:00 0 
7fe2be3f4000-7fe2be3fc000 rw-s 00000000 fc:01 6553980                    /tmp/hsperfdata_anna/13631
7fe2be3fc000-7fe2be3fd000 rw-p 00000000 00:00 0 
7fe2be3fd000-7fe2be3fe000 ---p 00000000 00:00 0 
7fe2be3fe000-7fe2be400000 rw-p 00000000 00:00 0 
7fe2be400000-7fe2be401000 r--p 00022000 fc:01 8262933                    /lib/x86_64-linux-gnu/ld-2.19.so
7fe2be401000-7fe2be402000 rw-p 00023000 fc:01 8262933                    /lib/x86_64-linux-gnu/ld-2.19.so
7fe2be402000-7fe2be403000 rw-p 00000000 00:00 0 
7ffc9908f000-7ffc990b0000 rw-p 00000000 00:00 0                          [stack]
7ffc9915e000-7ffc99160000 r--p 00000000 00:00 0                          [vvar]
7ffc99160000-7ffc99162000 r-xp 00000000 00:00 0                          [vdso]
ffffffffff600000-ffffffffff601000 r-xp 00000000 00:00 0                  [vsyscall]

VM Arguments:
jvm_args: -Dclassworlds.conf=/home/anna/netbeans-8.1/java/maven/bin/m2.conf -Dmaven.home=/home/anna/netbeans-8.1/java/maven 
java_command: org.codehaus.plexus.classworlds.launcher.Launcher -Dexec.args=-classpath %classpath miinaharava.main.Main -Dexec.executable=/usr/lib/jvm/java-8-oracle/bin/java -Dmaven.ext.class.path=/home/anna/netbeans-8.1/java/maven-nblib/netbeans-eventspy.jar org.codehaus.mojo:exec-maven-plugin:1.2.1:exec
java_class_path (initial): /home/anna/netbeans-8.1/java/maven/boot/plexus-classworlds-2.4.jar
Launcher Type: SUN_STANDARD

Environment Variables:
JAVA_HOME=/usr/lib/jvm/java-8-oracle
PATH=/usr/local/sbin:/usr/local/bin:/usr/sbin:/usr/bin:/sbin:/bin:/usr/games:/usr/local/games
USERNAME=anna
LD_LIBRARY_PATH=/usr/lib/jvm/java-8-oracle/jre/lib/amd64:/usr/lib/jvm/java-8-oracle/jre/lib/i386:
SHELL=/bin/bash
DISPLAY=:0

Signal Handlers:
SIGSEGV: [libjvm.so+0xac4790], sa_mask[0]=11111111011111111101111111111110, sa_flags=SA_RESTART|SA_SIGINFO
SIGBUS: [libjvm.so+0xac4790], sa_mask[0]=11111111011111111101111111111110, sa_flags=SA_RESTART|SA_SIGINFO
SIGFPE: [libjvm.so+0x91f140], sa_mask[0]=11111111011111111101111111111110, sa_flags=SA_RESTART|SA_SIGINFO
SIGPIPE: [libjvm.so+0x91f140], sa_mask[0]=11111111011111111101111111111110, sa_flags=SA_RESTART|SA_SIGINFO
SIGXFSZ: [libjvm.so+0x91f140], sa_mask[0]=11111111011111111101111111111110, sa_flags=SA_RESTART|SA_SIGINFO
SIGILL: [libjvm.so+0x91f140], sa_mask[0]=11111111011111111101111111111110, sa_flags=SA_RESTART|SA_SIGINFO
SIGUSR1: SIG_DFL, sa_mask[0]=00000000000000000000000000000000, sa_flags=none
SIGUSR2: [libjvm.so+0x920770], sa_mask[0]=00100000000000000000000000000000, sa_flags=SA_RESTART|SA_SIGINFO
SIGHUP: [libjvm.so+0x921b70], sa_mask[0]=11111111011111111101111111111110, sa_flags=SA_RESTART|SA_SIGINFO
SIGINT: SIG_IGN, sa_mask[0]=00000000000000000000000000000000, sa_flags=none
SIGTERM: [libjvm.so+0x921b70], sa_mask[0]=11111111011111111101111111111110, sa_flags=SA_RESTART|SA_SIGINFO
SIGQUIT: [libjvm.so+0x921b70], sa_mask[0]=11111111011111111101111111111110, sa_flags=SA_RESTART|SA_SIGINFO


---------------  S Y S T E M  ---------------

OS:DISTRIB_ID=LinuxMint
DISTRIB_RELEASE=17.3
DISTRIB_CODENAME=rosa
DISTRIB_DESCRIPTION="Linux Mint 17.3 Rosa"

uname:Linux 3.19.0-32-generic #37~14.04.1-Ubuntu SMP Thu Oct 22 09:41:40 UTC 2015 x86_64
libc:glibc 2.19 NPTL 2.19 
rlimit: STACK 8192k, CORE 0k, NPROC 7251, NOFILE 4096, AS infinity
load average:3,14 1,51 1,17

/proc/meminfo:
MemTotal:        1928696 kB
MemFree:           67632 kB
MemAvailable:      34384 kB
Buffers:            1100 kB
Cached:            66900 kB
SwapCached:         3548 kB
Active:          1287624 kB
Inactive:         437568 kB
Active(anon):    1276440 kB
Inactive(anon):   427772 kB
Active(file):      11184 kB
Inactive(file):     9796 kB
Unevictable:           0 kB
Mlocked:               0 kB
SwapTotal:       1978364 kB
SwapFree:              0 kB
Dirty:               712 kB
Writeback:             0 kB
AnonPages:       1654144 kB
Mapped:            29032 kB
Shmem:             46668 kB
Slab:              54404 kB
SReclaimable:      25140 kB
SUnreclaim:        29264 kB
KernelStack:       15936 kB
PageTables:        36148 kB
NFS_Unstable:          0 kB
Bounce:                0 kB
WritebackTmp:          0 kB
CommitLimit:     2942712 kB
Committed_AS:    7213080 kB
VmallocTotal:   34359738367 kB
VmallocUsed:      346696 kB
VmallocChunk:   34359374968 kB
HardwareCorrupted:     0 kB
AnonHugePages:    522240 kB
CmaTotal:              0 kB
CmaFree:               0 kB
HugePages_Total:       0
HugePages_Free:        0
HugePages_Rsvd:        0
HugePages_Surp:        0
Hugepagesize:       2048 kB
DirectMap4k:      117440 kB
DirectMap2M:     1859584 kB


CPU:total 2 (2 cores per cpu, 1 threads per core) family 6 model 55 stepping 8, cmov, cx8, fxsr, mmx, sse, sse2, sse3, ssse3, sse4.1, sse4.2, popcnt, clmul, erms, 3dnowpref, tsc, tscinvbit

/proc/cpuinfo:
processor	: 0
vendor_id	: GenuineIntel
cpu family	: 6
model		: 55
model name	: Intel(R) Celeron(R) CPU  N2830  @ 2.16GHz
stepping	: 8
microcode	: 0x80c
cpu MHz		: 2415.628
cache size	: 1024 KB
physical id	: 0
siblings	: 2
core id		: 0
cpu cores	: 2
apicid		: 0
initial apicid	: 0
fpu		: yes
fpu_exception	: yes
cpuid level	: 11
wp		: yes
flags		: fpu vme de pse tsc msr pae mce cx8 apic sep mtrr pge mca cmov pat pse36 clflush dts acpi mmx fxsr sse sse2 ss ht tm pbe syscall nx rdtscp lm constant_tsc arch_perfmon pebs bts rep_good nopl xtopology nonstop_tsc aperfmperf pni pclmulqdq dtes64 monitor ds_cpl vmx est tm2 ssse3 cx16 xtpr pdcm sse4_1 sse4_2 movbe popcnt tsc_deadline_timer rdrand lahf_lm 3dnowprefetch ida arat epb dtherm tpr_shadow vnmi flexpriority ept vpid tsc_adjust smep erms
bugs		:
bogomips	: 4326.40
clflush size	: 64
cache_alignment	: 64
address sizes	: 36 bits physical, 48 bits virtual
power management:

processor	: 1
vendor_id	: GenuineIntel
cpu family	: 6
model		: 55
model name	: Intel(R) Celeron(R) CPU  N2830  @ 2.16GHz
stepping	: 8
microcode	: 0x80c
cpu MHz		: 2415.628
cache size	: 1024 KB
physical id	: 0
siblings	: 2
core id		: 1
cpu cores	: 2
apicid		: 2
initial apicid	: 2
fpu		: yes
fpu_exception	: yes
cpuid level	: 11
wp		: yes
flags		: fpu vme de pse tsc msr pae mce cx8 apic sep mtrr pge mca cmov pat pse36 clflush dts acpi mmx fxsr sse sse2 ss ht tm pbe syscall nx rdtscp lm constant_tsc arch_perfmon pebs bts rep_good nopl xtopology nonstop_tsc aperfmperf pni pclmulqdq dtes64 monitor ds_cpl vmx est tm2 ssse3 cx16 xtpr pdcm sse4_1 sse4_2 movbe popcnt tsc_deadline_timer rdrand lahf_lm 3dnowprefetch ida arat epb dtherm tpr_shadow vnmi flexpriority ept vpid tsc_adjust smep erms
bugs		:
bogomips	: 4326.40
clflush size	: 64
cache_alignment	: 64
address sizes	: 36 bits physical, 48 bits virtual
power management:



Memory: 4k page, physical 1928696k(67932k free), swap 1978364k(0k free)

vm_info: Java HotSpot(TM) 64-Bit Server VM (25.101-b13) for linux-amd64 JRE (1.8.0_101-b13), built on Jun 22 2016 02:59:44 by "java_re" with gcc 4.3.0 20080428 (Red Hat 4.3.0-8)

time: Thu Aug 18 16:03:42 2016
elapsed time: 13 seconds (0d 0h 0m 13s)

